[debug] [2022-04-03T05:11:25.686Z] ----------------------------------------------------------------------
[debug] [2022-04-03T05:11:25.688Z] Command:       C:\Program Files\nodejs\node.exe C:\Users\ryang\AppData\Roaming\npm\node_modules\firebase-tools\lib\bin\firebase.js init
[debug] [2022-04-03T05:11:25.688Z] CLI Version:   10.5.0
[debug] [2022-04-03T05:11:25.688Z] Platform:      win32
[debug] [2022-04-03T05:11:25.688Z] Node Version:  v17.8.0
[debug] [2022-04-03T05:11:25.689Z] Time:          Sun Apr 03 2022 10:41:25 GMT+0530 (India Standard Time)
[debug] [2022-04-03T05:11:25.689Z] ----------------------------------------------------------------------
[debug] 
[debug] [2022-04-03T05:11:25.745Z] > command requires scopes: ["email","openid","https://www.googleapis.com/auth/cloudplatformprojects.readonly","https://www.googleapis.com/auth/firebase","https://www.googleapis.com/auth/cloud-platform"]
[debug] [2022-04-03T05:11:25.745Z] > authorizing via signed-in user (ryan.gupta0704@gmail.com)
[info] 
     ######## #### ########  ######## ########     ###     ######  ########
     ##        ##  ##     ## ##       ##     ##  ##   ##  ##       ##
     ######    ##  ########  ######   ########  #########  ######  ######
     ##        ##  ##    ##  ##       ##     ## ##     ##       ## ##
     ##       #### ##     ## ######## ########  ##     ##  ######  ########

You're about to initialize a Firebase project in this directory:

  C:\Users\ryang\Documents\ELGEEBEETEE

Before we get started, keep in mind:

  * You are initializing within an existing Firebase project directory

